2021-12-05 17:10:20.938 INFO  o.s.scheduling.concurrent.ThreadPoolTaskScheduler :218  [32m                  [0;39m Shutting down ExecutorService 'taskScheduler'
2021-12-05 17:10:20.939 INFO  o.s.scheduling.concurrent.ThreadPoolTaskExecutor  :218  [32m                  [0;39m Shutting down ExecutorService 'applicationTaskExecutor'
2021-12-05 17:10:20.940 INFO  com.zaxxer.hikari.HikariDataSource                :350  [32m                  [0;39m HikariPool-3 - Shutdown initiated...
2021-12-05 17:10:20.944 INFO  com.zaxxer.hikari.HikariDataSource                :352  [32m                  [0;39m HikariPool-3 - Shutdown completed.
2021-12-05 17:10:21.278 INFO  com.zh.wiki.config.WikiApplication                :55   [32m                  [0;39m Starting WikiApplication using Java 15.0.2 on DESKTOP-1HKNJP2 with PID 17808 (C:\zhangle\codespace\space_java\sprinboot_wiki\wiki\target\classes started by zhangle in C:\zhangle\codespace\space_java\sprinboot_wiki\wiki)
2021-12-05 17:10:21.278 INFO  com.zh.wiki.config.WikiApplication                :660  [32m                  [0;39m No active profile set, falling back to default profiles: default
2021-12-05 17:10:21.888 INFO  o.s.d.r.config.RepositoryConfigurationDelegate    :250  [32m                  [0;39m Multiple Spring Data modules found, entering strict repository configuration mode!
2021-12-05 17:10:21.888 INFO  o.s.d.r.config.RepositoryConfigurationDelegate    :128  [32m                  [0;39m Bootstrapping Spring Data Redis repositories in DEFAULT mode.
2021-12-05 17:10:21.897 INFO  o.s.d.r.config.RepositoryConfigurationDelegate    :188  [32m                  [0;39m Finished Spring Data repository scanning in 7 ms. Found 0 Redis repository interfaces.
2021-12-05 17:10:22.193 INFO  o.s.boot.web.embedded.tomcat.TomcatWebServer      :108  [32m                  [0;39m Tomcat initialized with port(s): 8080 (http)
2021-12-05 17:10:22.194 INFO  org.apache.coyote.http11.Http11NioProtocol        :173  [32m                  [0;39m Initializing ProtocolHandler ["http-nio-8080"]
2021-12-05 17:10:22.195 INFO  org.apache.catalina.core.StandardService          :173  [32m                  [0;39m Starting service [Tomcat]
2021-12-05 17:10:22.195 INFO  org.apache.catalina.core.StandardEngine           :173  [32m                  [0;39m Starting Servlet engine: [Apache Tomcat/9.0.39]
2021-12-05 17:10:22.256 INFO  o.a.c.core.ContainerBase.[Tomcat].[localhost].[/] :173  [32m                  [0;39m Initializing Spring embedded WebApplicationContext
2021-12-05 17:10:22.256 INFO  o.s.b.w.s.c.ServletWebServerApplicationContext    :289  [32m                  [0;39m Root WebApplicationContext: initialization completed in 970 ms
2021-12-05 17:10:23.173 INFO  o.s.scheduling.concurrent.ThreadPoolTaskExecutor  :181  [32m                  [0;39m Initializing ExecutorService 'applicationTaskExecutor'
2021-12-05 17:10:23.220 WARN  com.zh.wiki.aspect.LogAspect                      :18   [32m                  [0;39m 跨域配置----------------》》》》》
2021-12-05 17:10:23.716 INFO  o.s.scheduling.concurrent.ThreadPoolTaskScheduler :181  [32m                  [0;39m Initializing ExecutorService 'taskScheduler'
2021-12-05 17:10:23.801 INFO  o.s.b.d.autoconfigure.OptionalLiveReloadServer    :58   [32m                  [0;39m LiveReload server is running on port 35729
2021-12-05 17:10:23.823 INFO  org.apache.coyote.http11.Http11NioProtocol        :173  [32m                  [0;39m Starting ProtocolHandler ["http-nio-8080"]
2021-12-05 17:10:23.829 INFO  o.s.boot.web.embedded.tomcat.TomcatWebServer      :220  [32m                  [0;39m Tomcat started on port(s): 8080 (http) with context path ''
2021-12-05 17:10:23.838 INFO  com.zh.wiki.config.WikiApplication                :61   [32m                  [0;39m Started WikiApplication in 2.644 seconds (JVM running for 5946.014)
2021-12-05 17:10:23.840 INFO  o.s.b.d.a.ConditionEvaluationDeltaLoggingListener :63   [32m                  [0;39m Condition evaluation unchanged
2021-12-05 17:10:23.842 INFO  com.zh.wiki.config.WikiApplication                :26   [32m                  [0;39m 启动成功！！
2021-12-05 17:10:23.842 INFO  com.zh.wiki.config.WikiApplication                :27   [32m                  [0;39m 地址: 	http://127.0.0.1:8080
